生成启动时间为 2016/6/6 11:19:52。
     1>项目“E:\work\sisec\PlayerDemo\PlayerAPI\ZNV\PlayerAPIZNV\PlayerAPIZNV.vcxproj”在节点 2 上(Build 个目标)。
     1>C:\Program Files (x86)\MSBuild\Microsoft.Cpp\v4.0\V120\Microsoft.CppBuild.targets(357,5): warning MSB8004: Output Directory does not end with a trailing slash.  This build instance will add the slash as it is required to allow proper evaluation of the Output Directory.
     1>ClCompile:
         D:\Program Files (x86)\Microsoft Visual Studio 12.0\VC\bin\CL.exe /c /Zi /nologo /W3 /WX- /sdl /O2 /Oi /Oy- /GL /D WIN32 /D NDEBUG /D _WINDOWS /D _USRDLL /D PLAYERAPI_EXPORTS /D _WINDLL /D _UNICODE /D UNICODE /Gm- /EHsc /MD /GS /Gy /fp:precise /Zc:wchar_t /Zc:forScope /Yu"stdafx.h" /Fp"Release\PlayerAPIZNV.pch" /Fo"Release\\" /Fd"Release\vc120.pdb" /Gd /TP /analyze- /errorReport:prompt PlayerZNV.cpp
         PlayerZNV.cpp
     1>e:\work\sisec\playerdemo\playerapi\znv\playerapiznv\../../../PlayerFactory/IPlayer.h(12): warning C4091: “__declspec(dllexport)”: 没有声明变量时忽略“IPlayer”的左侧
     1>e:\work\sisec\playerdemo\playerapi\znv\playerapiznv\../../../PlayerFactory/IPlayer.h(27): warning C4091: “__declspec(dllexport)”: 没有声明变量时忽略“IPlayerFactory”的左侧
     1>e:\work\sisec\playerdemo\playerapi\znv\playerapiznv\../../../PlayerFactory/IPlayer.h(83): warning C4091: “__declspec(dllexport)”: 没有声明变量时忽略“IPlayer”的左侧
     1>PlayerZNV.cpp(211): warning C4244: “参数”: 从“float”转换到“unsigned int”，可能丢失数据
     1>PlayerZNV.cpp(224): warning C4244: “return”: 从“double”转换到“float”，可能丢失数据
       Link:
         D:\Program Files (x86)\Microsoft Visual Studio 12.0\VC\bin\link.exe /ERRORREPORT:PROMPT /OUT:"../../../bin/factorys/ZNV\PlayerAPIZNV.dll" /INCREMENTAL:NO /NOLOGO kernel32.lib user32.lib gdi32.lib winspool.lib comdlg32.lib advapi32.lib shell32.lib ole32.lib oleaut32.lib uuid.lib odbc32.lib odbccp32.lib /MANIFEST /MANIFESTUAC:"level='asInvoker' uiAccess='false'" /manifest:embed /DEBUG /PDB:"../../../bin/factorys/ZNV\PlayerAPIZNV.pdb" /SUBSYSTEM:WINDOWS /OPT:REF /OPT:ICF /LTCG /TLBID:1 /DYNAMICBASE /NXCOMPAT /IMPLIB:"../../../bin/factorys/ZNV\PlayerAPIZNV.lib" /MACHINE:X86 /SAFESEH /DLL Release\dllmain.obj
         Release\PlayerAPI.obj
         Release\PlayerZNV.obj
         Release\stdafx.obj
            正在创建库 ../../../bin/factorys/ZNV\PlayerAPIZNV.lib 和对象 ../../../bin/factorys/ZNV\PlayerAPIZNV.exp
         正在生成代码
         已完成代码的生成
         PlayerAPIZNV.vcxproj -> E:\work\sisec\PlayerDemo\PlayerAPI\ZNV\PlayerAPIZNV\../../../bin/factorys/ZNV\PlayerAPIZNV.dll
     1>已完成生成项目“E:\work\sisec\PlayerDemo\PlayerAPI\ZNV\PlayerAPIZNV\PlayerAPIZNV.vcxproj”(Build 个目标)的操作。

生成成功。

已用时间 00:00:01.07
